e:\documents\game projects\summer project git\game engine\game engine\debug\game engine.pch
e:\documents\game projects\summer project git\game engine\game engine\debug\vc140.pdb
e:\documents\game projects\summer project git\game engine\game engine\debug\vc140.idb
e:\documents\game projects\summer project git\game engine\game engine\debug\stdafx.obj
e:\documents\game projects\summer project git\game engine\game engine\debug\cgeometry.obj
e:\documents\game projects\summer project git\game engine\game engine\debug\cshader.obj
e:\documents\game projects\summer project git\game engine\game engine\debug\ctexture.obj
e:\documents\game projects\summer project git\game engine\game engine\debug\ctransform.obj
e:\documents\game projects\summer project git\game engine\game engine\debug\cvelocity.obj
e:\documents\game projects\summer project git\game engine\game engine\debug\game engine.obj
e:\documents\game projects\summer project git\game engine\game engine\debug\minput.obj
e:\documents\game projects\summer project git\game engine\game engine\debug\mresource.obj
e:\documents\game projects\summer project git\game engine\game engine\debug\mscene.obj
e:\documents\game projects\summer project git\game engine\game engine\debug\oentity.obj
e:\documents\game projects\summer project git\game engine\game engine\debug\oscene.obj
e:\documents\game projects\summer project git\game engine\game engine\debug\srender.obj
e:\documents\game projects\github\engine_project\game engine\game engine\debug\vc140.pdb
e:\documents\game projects\github\engine_project\game engine\game engine\debug\vc140.idb
e:\documents\game projects\summer project git\game engine\debug\game engine.ilk
e:\documents\game projects\summer project git\game engine\debug\game engine.exe
e:\documents\game projects\summer project git\game engine\debug\game engine.pdb
e:\documents\game projects\github\engine_project\game engine\game engine\debug\cgeometry.obj
e:\documents\game projects\github\engine_project\game engine\game engine\debug\cshader.obj
e:\documents\game projects\github\engine_project\game engine\game engine\debug\ctexture.obj
e:\documents\game projects\github\engine_project\game engine\game engine\debug\ctransform.obj
e:\documents\game projects\github\engine_project\game engine\game engine\debug\cvelocity.obj
e:\documents\game projects\github\engine_project\game engine\game engine\debug\game engine.obj
e:\documents\game projects\github\engine_project\game engine\game engine\debug\minput.obj
e:\documents\game projects\github\engine_project\game engine\game engine\debug\mresource.obj
e:\documents\game projects\github\engine_project\game engine\game engine\debug\mscene.obj
e:\documents\game projects\github\engine_project\game engine\game engine\debug\oentity.obj
e:\documents\game projects\github\engine_project\game engine\game engine\debug\oscene.obj
e:\documents\game projects\github\engine_project\game engine\game engine\debug\srender.obj
e:\documents\game projects\github\engine_project\game engine\debug\game engine.pdb
e:\documents\game projects\github\engine_project\game engine\debug\game engine.exe
e:\documents\game projects\github\engine_project\game engine\debug\game engine.ilk
e:\documents\game projects\github\engine_project\game engine\game engine\debug\game engine.tlog\cl.command.1.tlog
e:\documents\game projects\github\engine_project\game engine\game engine\debug\game engine.tlog\cl.read.1.tlog
e:\documents\game projects\github\engine_project\game engine\game engine\debug\game engine.tlog\cl.write.1.tlog
e:\documents\game projects\github\engine_project\game engine\game engine\debug\game engine.tlog\link.command.1.tlog
e:\documents\game projects\github\engine_project\game engine\game engine\debug\game engine.tlog\link.read.1.tlog
e:\documents\game projects\github\engine_project\game engine\game engine\debug\game engine.tlog\link.write.1.tlog
